Watching for file changes with StatReloader
Secure account access granted to user 27 for /account/
SECURITY: Ultra-strict context check for account page: /account/
SECURITY: Perfect validation passed for user henilshingala2462@gmail.com
"GET /account/ HTTP/1.1" 200 31632
"GET /static/jewelry/images/logo.png HTTP/1.1" 304 0
Secure account access granted to user 27 for /account/
SECURITY: Ultra-strict context check for account page: /account/
SECURITY: Perfect validation passed for user henilshingala2462@gmail.com
"GET /account/ HTTP/1.1" 200 31632
"GET /admin/jewelry/payment/ HTTP/1.1" 302 0
"GET /admin/login/?next=/admin/jewelry/payment/ HTTP/1.1" 200 3748
"GET /static/admin/css/base.css HTTP/1.1" 304 0
"GET /static/admin/css/dark_mode.css HTTP/1.1" 304 0
"GET /static/admin/css/nav_sidebar.css HTTP/1.1" 304 0
"GET /static/admin/css/login.css HTTP/1.1" 304 0
"GET /static/admin/js/theme.js HTTP/1.1" 304 0
"GET /static/admin/css/responsive.css HTTP/1.1" 304 0
"GET /static/admin/js/nav_sidebar.js HTTP/1.1" 304 0
"POST /admin/login/?next=/admin/jewelry/payment/ HTTP/1.1" 302 0
SECURITY: Admin user info.raivatstones@gmail.com blocked from website context
"GET /admin/jewelry/payment/ HTTP/1.1" 200 13136
"GET /static/admin/css/changelists.css HTTP/1.1" 304 0
"GET /static/admin/js/vendor/jquery/jquery.js HTTP/1.1" 304 0
"GET /static/admin/js/core.js HTTP/1.1" 304 0
"GET /static/admin/js/admin/RelatedObjectLookups.js HTTP/1.1" 304 0
"GET /static/admin/js/jquery.init.js HTTP/1.1" 304 0
"GET /static/admin/js/urlify.js HTTP/1.1" 304 0
"GET /static/admin/js/prepopulate.js HTTP/1.1" 304 0
"GET /static/admin/js/vendor/xregexp/xregexp.js HTTP/1.1" 304 0
"GET /admin/jsi18n/ HTTP/1.1" 200 3342
"GET /static/admin/js/actions.js HTTP/1.1" 304 0
"GET /static/admin/img/search.svg HTTP/1.1" 304 0
"GET /static/admin/js/filters.js HTTP/1.1" 304 0
"GET /static/admin/img/tooltag-add.svg HTTP/1.1" 304 0
"GET /static/admin/img/icon-addlink.svg HTTP/1.1" 304 0
"GET /static/admin/img/icon-viewlink.svg HTTP/1.1" 304 0
SECURITY: Admin user info.raivatstones@gmail.com blocked from website context
"GET /admin/jewelry/payment/ HTTP/1.1" 200 13136
"GET /admin/jsi18n/ HTTP/1.1" 200 3342
SECURITY: Admin user info.raivatstones@gmail.com blocked from website context
"GET /admin/jewelry/payment/ HTTP/1.1" 200 13136
"GET /admin/jsi18n/ HTTP/1.1" 200 3342
SECURITY: Admin user info.raivatstones@gmail.com blocked from website context
"GET /admin/jewelry/payment/ HTTP/1.1" 200 13136
"GET /admin/jsi18n/ HTTP/1.1" 200 3342
/home/henil/Downloads/raivatt/jewelry/views.py changed, reloading.
Watching for file changes with StatReloader
/home/henil/Downloads/raivatt/jewelry/urls.py changed, reloading.
Watching for file changes with StatReloader
SECURITY: Admin user info.raivatstones@gmail.com blocked from website context
"GET /admin/jewelry/payment/ HTTP/1.1" 200 13136
Secure account access granted to user 1 for /account/
SECURITY: Ultra-strict context check for account page: /account/
SECURITY: Admin user info.raivatstones@gmail.com blocked from website context
"GET /account/ HTTP/1.1" 200 27836
SECURITY: Admin user info.raivatstones@gmail.com blocked from website context
"GET /login/ HTTP/1.1" 200 35916
"POST /login/ HTTP/1.1" 200 49
"GET / HTTP/1.1" 200 74619
"GET /static/jewelry/images/bg-poster.jpg HTTP/1.1" 404 1898
"GET /static/jewelry/images/1.png HTTP/1.1" 304 0
"GET /static/jewelry/images/2.png HTTP/1.1" 304 0
"GET /static/jewelry/images/4.png HTTP/1.1" 304 0
"GET /static/jewelry/images/3.png HTTP/1.1" 304 0
"GET /static/jewelry/images/6.png HTTP/1.1" 304 0
"GET /static/jewelry/images/5.png HTTP/1.1" 304 0
"GET /static/jewelry/images/7.png HTTP/1.1" 304 0
"GET /static/jewelry/images/8.png HTTP/1.1" 304 0
"GET /static/jewelry/images/engagement.png HTTP/1.1" 304 0
"GET /static/jewelry/images/wedding.png HTTP/1.1" 304 0
"GET /static/jewelry/images/diamond.png HTTP/1.1" 304 0
"GET /static/jewelry/images/dailywear.png HTTP/1.1" 304 0
"GET /static/jewelry/images/bis-hallmark.png HTTP/1.1" 304 0
"GET /static/jewelry/images/customization.png HTTP/1.1" 304 0
"GET /static/jewelry/images/purity-guarantee.png HTTP/1.1" 304 0
"GET /static/jewelry/images/certified-diamonds.png HTTP/1.1" 304 0
"GET /static/jewelry/images/247.png HTTP/1.1" 304 0
"GET /static/jewelry/images/bgsf.png HTTP/1.1" 304 0
"GET /static/jewelry/images/Fedex.png HTTP/1.1" 304 0
"GET /static/jewelry/images/brinks.png HTTP/1.1" 304 0
"GET /static/jewelry/images/DHL.png HTTP/1.1" 304 0
"GET /static/jewelry/images/malca-amit.png HTTP/1.1" 304 0
"GET /static/jewelry/images/Ferrari.png HTTP/1.1" 304 0
"GET /static/jewelry/images/ups.png HTTP/1.1" 304 0
"GET /static/jewelry/images/sequel.png HTTP/1.1" 304 0
Secure account access granted to user 27 for /account/
SECURITY: Ultra-strict context check for account page: /account/
SECURITY: Perfect validation passed for user henilshingala2462@gmail.com
"GET /account/ HTTP/1.1" 200 31632
Secure account access granted to user 27 for /account/
SECURITY: Ultra-strict context check for account page: /account/
SECURITY: Perfect validation passed for user henilshingala2462@gmail.com
"GET /account/ HTTP/1.1" 200 31632
"GET /static/jewelry/images/logo.png HTTP/1.1" 200 1359763
Not Found: /favicon.ico
"GET /favicon.ico HTTP/1.1" 404 16383
Secure account access granted to user 27 for /account/
SECURITY: Ultra-strict context check for account page: /account/
SECURITY: Perfect validation passed for user henilshingala2462@gmail.com
"GET /account/ HTTP/1.1" 200 31632
"GET /static/jewelry/images/logo.png HTTP/1.1" 200 1359763
Not Found: /favicon.ico
"GET /favicon.ico HTTP/1.1" 404 16383
Secure account access granted to user 27 for /account/
SECURITY: Ultra-strict context check for account page: /account/
SECURITY: Perfect validation passed for user henilshingala2462@gmail.com
"GET /account/ HTTP/1.1" 200 31632
Secure account access granted to user 27 for /account/
SECURITY: Ultra-strict context check for account page: /account/
SECURITY: Perfect validation passed for user henilshingala2462@gmail.com
"GET /account/ HTTP/1.1" 200 31632
"GET /admin/jewelry/payment/ HTTP/1.1" 302 0
"GET /admin/login/?next=/admin/jewelry/payment/ HTTP/1.1" 200 3748
"GET /static/admin/css/base.css HTTP/1.1" 304 0
"GET /static/admin/css/nav_sidebar.css HTTP/1.1" 304 0
"GET /static/admin/css/login.css HTTP/1.1" 304 0
"GET /static/admin/css/dark_mode.css HTTP/1.1" 304 0
"GET /static/admin/css/responsive.css HTTP/1.1" 304 0
"GET /static/admin/js/theme.js HTTP/1.1" 304 0
"GET /static/admin/js/nav_sidebar.js HTTP/1.1" 304 0
"POST /admin/login/?next=/admin/jewelry/payment/ HTTP/1.1" 302 0
SECURITY: Admin user info.raivatstones@gmail.com blocked from website context
"GET /admin/jewelry/payment/ HTTP/1.1" 200 13136
"GET /static/admin/css/changelists.css HTTP/1.1" 304 0
"GET /static/admin/js/vendor/jquery/jquery.js HTTP/1.1" 304 0
"GET /static/admin/js/jquery.init.js HTTP/1.1" 304 0
"GET /static/admin/js/core.js HTTP/1.1" 304 0
"GET /static/admin/js/admin/RelatedObjectLookups.js HTTP/1.1" 304 0
"GET /admin/jsi18n/ HTTP/1.1" 200 3342
"GET /static/admin/js/actions.js HTTP/1.1" 304 0
"GET /static/admin/js/urlify.js HTTP/1.1" 304 0
"GET /static/admin/js/prepopulate.js HTTP/1.1" 304 0
"GET /static/admin/js/vendor/xregexp/xregexp.js HTTP/1.1" 304 0
"GET /static/admin/img/search.svg HTTP/1.1" 304 0
"GET /static/admin/js/filters.js HTTP/1.1" 304 0
SECURITY: Admin user info.raivatstones@gmail.com blocked from website context
"GET /admin/jewelry/payment/ HTTP/1.1" 200 13136
"GET /static/admin/css/base.css HTTP/1.1" 200 22120
"GET /static/admin/css/dark_mode.css HTTP/1.1" 200 2808
"GET /static/admin/js/theme.js HTTP/1.1" 200 1653
"GET /static/admin/css/nav_sidebar.css HTTP/1.1" 200 2810
"GET /static/admin/css/changelists.css HTTP/1.1" 200 6878
"GET /static/admin/css/responsive.css HTTP/1.1" 200 16565
"GET /admin/jsi18n/ HTTP/1.1" 200 3342
"GET /static/admin/js/vendor/jquery/jquery.js HTTP/1.1" 200 285314
"GET /static/admin/js/jquery.init.js HTTP/1.1" 200 347
"GET /static/admin/js/core.js HTTP/1.1" 200 6208
"GET /static/admin/js/admin/RelatedObjectLookups.js HTTP/1.1" 200 9777
"GET /static/admin/js/actions.js HTTP/1.1" 200 8076
"GET /static/admin/js/urlify.js HTTP/1.1" 200 7887
"GET /static/admin/img/search.svg HTTP/1.1" 200 458
"GET /static/admin/js/prepopulate.js HTTP/1.1" 200 1531
"GET /static/admin/js/vendor/xregexp/xregexp.js HTTP/1.1" 200 325171
"GET /static/admin/js/nav_sidebar.js HTTP/1.1" 200 3063
"GET /static/admin/js/filters.js HTTP/1.1" 200 978
"GET /static/admin/img/tooltag-add.svg HTTP/1.1" 200 331
"GET /static/admin/img/icon-addlink.svg HTTP/1.1" 200 331
"GET /static/admin/img/icon-viewlink.svg HTTP/1.1" 200 581
Not Found: /favicon.ico
"GET /favicon.ico HTTP/1.1" 404 16383
/home/henil/Downloads/raivatt/jewelry/views.py changed, reloading.
Watching for file changes with StatReloader
SECURITY: Admin user info.raivatstones@gmail.com blocked from website context
"GET /admin/jewelry/payment/ HTTP/1.1" 200 13136
"GET /admin/jsi18n/ HTTP/1.1" 200 3342
SECURITY: Admin user info.raivatstones@gmail.com blocked from website context
"GET /admin/jewelry/payment/ HTTP/1.1" 200 13136
"GET /admin/jsi18n/ HTTP/1.1" 200 3342
SECURITY: Admin user info.raivatstones@gmail.com blocked from website context
"GET /admin/jewelry/payment/ HTTP/1.1" 200 13136
"GET /admin/jsi18n/ HTTP/1.1" 200 3342
SECURITY: Admin user info.raivatstones@gmail.com blocked from website context
"GET /admin/jewelry/payment/ HTTP/1.1" 200 13136
"GET /admin/jsi18n/ HTTP/1.1" 200 3342
SECURITY: Admin user info.raivatstones@gmail.com blocked from website context
"GET /admin/jewelry/payment/ HTTP/1.1" 200 13136
"GET /admin/jsi18n/ HTTP/1.1" 200 3342
SECURITY: Admin user info.raivatstones@gmail.com blocked from website context
"GET /admin/jewelry/payment/ HTTP/1.1" 200 13136
"GET /admin/jsi18n/ HTTP/1.1" 200 3342
SECURITY: Admin user info.raivatstones@gmail.com blocked from website context
"GET /admin/jewelry/payment/ HTTP/1.1" 200 13136
"GET /admin/jsi18n/ HTTP/1.1" 200 3342
SECURITY: Admin user info.raivatstones@gmail.com blocked from website context
"GET /admin/jewelry/payment/ HTTP/1.1" 200 13136
"GET /admin/jsi18n/ HTTP/1.1" 200 3342
